CFLAGS: -mthreads -mtune=generic -O2 -pipe
LDFLAGS: -pipe -static-libgcc -static-libstdc++
make 
make  all-recursive
make[1]: Entering directory '/build/lame-3.100/build-64bit'
Making all in mpglib
make[2]: Entering directory '/build/lame-3.100/build-64bit/mpglib'
/bin/sh ../libtool  --tag=CC   --mode=compile gcc -DHAVE_CONFIG_H  -I. -I../../mpglib -I.. -I../../include -I../../mpglib -I../../libmp3lame -I..  -D_FORTIFY_SOURCE=2 -D__USE_MINGW_ANSI_STDIO=1  -mthreads -mtune=generic -O2 -pipe -MT common.lo -MD -MP -MF .deps/common.Tpo -c -o common.lo ../../mpglib/common.c
/bin/sh ../libtool  --tag=CC   --mode=compile gcc -DHAVE_CONFIG_H  -I. -I../../mpglib -I.. -I../../include -I../../mpglib -I../../libmp3lame -I..  -D_FORTIFY_SOURCE=2 -D__USE_MINGW_ANSI_STDIO=1  -mthreads -mtune=generic -O2 -pipe -MT dct64_i386.lo -MD -MP -MF .deps/dct64_i386.Tpo -c -o dct64_i386.lo ../../mpglib/dct64_i386.c
/bin/sh ../libtool  --tag=CC   --mode=compile gcc -DHAVE_CONFIG_H  -I. -I../../mpglib -I.. -I../../include -I../../mpglib -I../../libmp3lame -I..  -D_FORTIFY_SOURCE=2 -D__USE_MINGW_ANSI_STDIO=1  -mthreads -mtune=generic -O2 -pipe -MT decode_i386.lo -MD -MP -MF .deps/decode_i386.Tpo -c -o decode_i386.lo ../../mpglib/decode_i386.c
/bin/sh ../libtool  --tag=CC   --mode=compile gcc -DHAVE_CONFIG_H  -I. -I../../mpglib -I.. -I../../include -I../../mpglib -I../../libmp3lame -I..  -D_FORTIFY_SOURCE=2 -D__USE_MINGW_ANSI_STDIO=1  -mthreads -mtune=generic -O2 -pipe -MT interface.lo -MD -MP -MF .deps/interface.Tpo -c -o interface.lo ../../mpglib/interface.c
libtool: compile:  gcc -DHAVE_CONFIG_H -I. -I../../mpglib -I.. -I../../include -I../../mpglib -I../../libmp3lame -I.. -D_FORTIFY_SOURCE=2 -D__USE_MINGW_ANSI_STDIO=1 -mthreads -mtune=generic -O2 -pipe -MT common.lo -MD -MP -MF .deps/common.Tpo -c ../../mpglib/common.c -o common.o
libtool: compile:  gcc -DHAVE_CONFIG_H -I. -I../../mpglib -I.. -I../../include -I../../mpglib -I../../libmp3lame -I.. -D_FORTIFY_SOURCE=2 -D__USE_MINGW_ANSI_STDIO=1 -mthreads -mtune=generic -O2 -pipe -MT decode_i386.lo -MD -MP -MF .deps/decode_i386.Tpo -c ../../mpglib/decode_i386.c -o decode_i386.o
libtool: compile:  gcc -DHAVE_CONFIG_H -I. -I../../mpglib -I.. -I../../include -I../../mpglib -I../../libmp3lame -I.. -D_FORTIFY_SOURCE=2 -D__USE_MINGW_ANSI_STDIO=1 -mthreads -mtune=generic -O2 -pipe -MT dct64_i386.lo -MD -MP -MF .deps/dct64_i386.Tpo -c ../../mpglib/dct64_i386.c -o dct64_i386.o
libtool: compile:  gcc -DHAVE_CONFIG_H -I. -I../../mpglib -I.. -I../../include -I../../mpglib -I../../libmp3lame -I.. -D_FORTIFY_SOURCE=2 -D__USE_MINGW_ANSI_STDIO=1 -mthreads -mtune=generic -O2 -pipe -MT interface.lo -MD -MP -MF .deps/interface.Tpo -c ../../mpglib/interface.c -o interface.o
mv -f .deps/common.Tpo .deps/common.Plo
mv -f .deps/dct64_i386.Tpo .deps/dct64_i386.Plo
/bin/sh ../libtool  --tag=CC   --mode=compile gcc -DHAVE_CONFIG_H  -I. -I../../mpglib -I.. -I../../include -I../../mpglib -I../../libmp3lame -I..  -D_FORTIFY_SOURCE=2 -D__USE_MINGW_ANSI_STDIO=1  -mthreads -mtune=generic -O2 -pipe -MT layer1.lo -MD -MP -MF .deps/layer1.Tpo -c -o layer1.lo ../../mpglib/layer1.c
mv -f .deps/decode_i386.Tpo .deps/decode_i386.Plo
/bin/sh ../libtool  --tag=CC   --mode=compile gcc -DHAVE_CONFIG_H  -I. -I../../mpglib -I.. -I../../include -I../../mpglib -I../../libmp3lame -I..  -D_FORTIFY_SOURCE=2 -D__USE_MINGW_ANSI_STDIO=1  -mthreads -mtune=generic -O2 -pipe -MT layer2.lo -MD -MP -MF .deps/layer2.Tpo -c -o layer2.lo ../../mpglib/layer2.c
/bin/sh ../libtool  --tag=CC   --mode=compile gcc -DHAVE_CONFIG_H  -I. -I../../mpglib -I.. -I../../include -I../../mpglib -I../../libmp3lame -I..  -D_FORTIFY_SOURCE=2 -D__USE_MINGW_ANSI_STDIO=1  -mthreads -mtune=generic -O2 -pipe -MT layer3.lo -MD -MP -MF .deps/layer3.Tpo -c -o layer3.lo ../../mpglib/layer3.c
libtool: compile:  gcc -DHAVE_CONFIG_H -I. -I../../mpglib -I.. -I../../include -I../../mpglib -I../../libmp3lame -I.. -D_FORTIFY_SOURCE=2 -D__USE_MINGW_ANSI_STDIO=1 -mthreads -mtune=generic -O2 -pipe -MT layer1.lo -MD -MP -MF .deps/layer1.Tpo -c ../../mpglib/layer1.c -o layer1.o
libtool: compile:  gcc -DHAVE_CONFIG_H -I. -I../../mpglib -I.. -I../../include -I../../mpglib -I../../libmp3lame -I.. -D_FORTIFY_SOURCE=2 -D__USE_MINGW_ANSI_STDIO=1 -mthreads -mtune=generic -O2 -pipe -MT layer3.lo -MD -MP -MF .deps/layer3.Tpo -c ../../mpglib/layer3.c -o layer3.o
libtool: compile:  gcc -DHAVE_CONFIG_H -I. -I../../mpglib -I.. -I../../include -I../../mpglib -I../../libmp3lame -I.. -D_FORTIFY_SOURCE=2 -D__USE_MINGW_ANSI_STDIO=1 -mthreads -mtune=generic -O2 -pipe -MT layer2.lo -MD -MP -MF .deps/layer2.Tpo -c ../../mpglib/layer2.c -o layer2.o
mv -f .deps/layer1.Tpo .deps/layer1.Plo
/bin/sh ../libtool  --tag=CC   --mode=compile gcc -DHAVE_CONFIG_H  -I. -I../../mpglib -I.. -I../../include -I../../mpglib -I../../libmp3lame -I..  -D_FORTIFY_SOURCE=2 -D__USE_MINGW_ANSI_STDIO=1  -mthreads -mtune=generic -O2 -pipe -MT tabinit.lo -MD -MP -MF .deps/tabinit.Tpo -c -o tabinit.lo ../../mpglib/tabinit.c
mv -f .deps/interface.Tpo .deps/interface.Plo
mv -f .deps/layer2.Tpo .deps/layer2.Plo
libtool: compile:  gcc -DHAVE_CONFIG_H -I. -I../../mpglib -I.. -I../../include -I../../mpglib -I../../libmp3lame -I.. -D_FORTIFY_SOURCE=2 -D__USE_MINGW_ANSI_STDIO=1 -mthreads -mtune=generic -O2 -pipe -MT tabinit.lo -MD -MP -MF .deps/tabinit.Tpo -c ../../mpglib/tabinit.c -o tabinit.o
mv -f .deps/tabinit.Tpo .deps/tabinit.Plo
mv -f .deps/layer3.Tpo .deps/layer3.Plo
/bin/sh ../libtool  --tag=CC   --mode=link gcc  -mthreads -mtune=generic -O2 -pipe  -pipe -static-libgcc -static-libstdc++ -o libmpgdecoder.la  common.lo dct64_i386.lo decode_i386.lo interface.lo layer1.lo layer2.lo layer3.lo tabinit.lo  
libtool: link: ar cru .libs/libmpgdecoder.a  common.o dct64_i386.o decode_i386.o interface.o layer1.o layer2.o layer3.o tabinit.o
libtool: link: ranlib .libs/libmpgdecoder.a
libtool: link: ( cd ".libs" && rm -f "libmpgdecoder.la" && cp -pR "../libmpgdecoder.la" "libmpgdecoder.la" )
make[2]: Leaving directory '/build/lame-3.100/build-64bit/mpglib'
Making all in libmp3lame
make[2]: Entering directory '/build/lame-3.100/build-64bit/libmp3lame'
Making all in i386
make[3]: Entering directory '/build/lame-3.100/build-64bit/libmp3lame/i386'
make[3]: Nothing to be done for 'all'.
make[3]: Leaving directory '/build/lame-3.100/build-64bit/libmp3lame/i386'
Making all in vector
make[3]: Entering directory '/build/lame-3.100/build-64bit/libmp3lame/vector'
/bin/sh ../../libtool  --tag=CC   --mode=compile gcc -DHAVE_CONFIG_H  -I. -I../../../libmp3lame/vector -I../.. -I../../../include -I../../../libmp3lame/vector -I../../../libmp3lame -I../../../mpglib -I../..  -D_FORTIFY_SOURCE=2 -D__USE_MINGW_ANSI_STDIO=1  -mthreads -mtune=generic -O2 -pipe -MT xmm_quantize_sub.lo -MD -MP -MF .deps/xmm_quantize_sub.Tpo -c -o xmm_quantize_sub.lo ../../../libmp3lame/vector/xmm_quantize_sub.c
libtool: compile:  gcc -DHAVE_CONFIG_H -I. -I../../../libmp3lame/vector -I../.. -I../../../include -I../../../libmp3lame/vector -I../../../libmp3lame -I../../../mpglib -I../.. -D_FORTIFY_SOURCE=2 -D__USE_MINGW_ANSI_STDIO=1 -mthreads -mtune=generic -O2 -pipe -MT xmm_quantize_sub.lo -MD -MP -MF .deps/xmm_quantize_sub.Tpo -c ../../../libmp3lame/vector/xmm_quantize_sub.c -o xmm_quantize_sub.o
mv -f .deps/xmm_quantize_sub.Tpo .deps/xmm_quantize_sub.Plo
/bin/sh ../../libtool  --tag=CC   --mode=link gcc  -mthreads -mtune=generic -O2 -pipe  -pipe -static-libgcc -static-libstdc++ -o liblamevectorroutines.la  xmm_quantize_sub.lo  
libtool: link: ar cru .libs/liblamevectorroutines.a  xmm_quantize_sub.o
libtool: link: ranlib .libs/liblamevectorroutines.a
libtool: link: ( cd ".libs" && rm -f "liblamevectorroutines.la" && cp -pR "../liblamevectorroutines.la" "liblamevectorroutines.la" )
make[3]: Leaving directory '/build/lame-3.100/build-64bit/libmp3lame/vector'
make[3]: Entering directory '/build/lame-3.100/build-64bit/libmp3lame'
/bin/sh ../libtool  --tag=CC   --mode=compile gcc -DHAVE_CONFIG_H  -I. -I../../libmp3lame -I.. -I../../include -I../../libmp3lame -I../../mpglib -I..  -D_FORTIFY_SOURCE=2 -D__USE_MINGW_ANSI_STDIO=1  -mthreads -mtune=generic -O2 -pipe -MT VbrTag.lo -MD -MP -MF .deps/VbrTag.Tpo -c -o VbrTag.lo ../../libmp3lame/VbrTag.c
/bin/sh ../libtool  --tag=CC   --mode=compile gcc -DHAVE_CONFIG_H  -I. -I../../libmp3lame -I.. -I../../include -I../../libmp3lame -I../../mpglib -I..  -D_FORTIFY_SOURCE=2 -D__USE_MINGW_ANSI_STDIO=1  -mthreads -mtune=generic -O2 -pipe -MT bitstream.lo -MD -MP -MF .deps/bitstream.Tpo -c -o bitstream.lo ../../libmp3lame/bitstream.c
/bin/sh ../libtool  --tag=CC   --mode=compile gcc -DHAVE_CONFIG_H  -I. -I../../libmp3lame -I.. -I../../include -I../../libmp3lame -I../../mpglib -I..  -D_FORTIFY_SOURCE=2 -D__USE_MINGW_ANSI_STDIO=1  -mthreads -mtune=generic -O2 -pipe -MT encoder.lo -MD -MP -MF .deps/encoder.Tpo -c -o encoder.lo ../../libmp3lame/encoder.c
/bin/sh ../libtool  --tag=CC   --mode=compile gcc -DHAVE_CONFIG_H  -I. -I../../libmp3lame -I.. -I../../include -I../../libmp3lame -I../../mpglib -I..  -D_FORTIFY_SOURCE=2 -D__USE_MINGW_ANSI_STDIO=1  -mthreads -mtune=generic -O2 -pipe -MT fft.lo -MD -MP -MF .deps/fft.Tpo -c -o fft.lo ../../libmp3lame/fft.c
libtool: compile:  gcc -DHAVE_CONFIG_H -I. -I../../libmp3lame -I.. -I../../include -I../../libmp3lame -I../../mpglib -I.. -D_FORTIFY_SOURCE=2 -D__USE_MINGW_ANSI_STDIO=1 -mthreads -mtune=generic -O2 -pipe -MT bitstream.lo -MD -MP -MF .deps/bitstream.Tpo -c ../../libmp3lame/bitstream.c -o bitstream.o
libtool: compile:  gcc -DHAVE_CONFIG_H -I. -I../../libmp3lame -I.. -I../../include -I../../libmp3lame -I../../mpglib -I.. -D_FORTIFY_SOURCE=2 -D__USE_MINGW_ANSI_STDIO=1 -mthreads -mtune=generic -O2 -pipe -MT VbrTag.lo -MD -MP -MF .deps/VbrTag.Tpo -c ../../libmp3lame/VbrTag.c -o VbrTag.o
libtool: compile:  gcc -DHAVE_CONFIG_H -I. -I../../libmp3lame -I.. -I../../include -I../../libmp3lame -I../../mpglib -I.. -D_FORTIFY_SOURCE=2 -D__USE_MINGW_ANSI_STDIO=1 -mthreads -mtune=generic -O2 -pipe -MT encoder.lo -MD -MP -MF .deps/encoder.Tpo -c ../../libmp3lame/encoder.c -o encoder.o
libtool: compile:  gcc -DHAVE_CONFIG_H -I. -I../../libmp3lame -I.. -I../../include -I../../libmp3lame -I../../mpglib -I.. -D_FORTIFY_SOURCE=2 -D__USE_MINGW_ANSI_STDIO=1 -mthreads -mtune=generic -O2 -pipe -MT fft.lo -MD -MP -MF .deps/fft.Tpo -c ../../libmp3lame/fft.c -o fft.o
mv -f .deps/encoder.Tpo .deps/encoder.Plo
mv -f .deps/fft.Tpo .deps/fft.Plo
/bin/sh ../libtool  --tag=CC   --mode=compile gcc -DHAVE_CONFIG_H  -I. -I../../libmp3lame -I.. -I../../include -I../../libmp3lame -I../../mpglib -I..  -D_FORTIFY_SOURCE=2 -D__USE_MINGW_ANSI_STDIO=1  -mthreads -mtune=generic -O2 -pipe -MT gain_analysis.lo -MD -MP -MF .deps/gain_analysis.Tpo -c -o gain_analysis.lo ../../libmp3lame/gain_analysis.c
/bin/sh ../libtool  --tag=CC   --mode=compile gcc -DHAVE_CONFIG_H  -I. -I../../libmp3lame -I.. -I../../include -I../../libmp3lame -I../../mpglib -I..  -D_FORTIFY_SOURCE=2 -D__USE_MINGW_ANSI_STDIO=1  -mthreads -mtune=generic -O2 -pipe -MT id3tag.lo -MD -MP -MF .deps/id3tag.Tpo -c -o id3tag.lo ../../libmp3lame/id3tag.c
mv -f .deps/VbrTag.Tpo .deps/VbrTag.Plo
/bin/sh ../libtool  --tag=CC   --mode=compile gcc -DHAVE_CONFIG_H  -I. -I../../libmp3lame -I.. -I../../include -I../../libmp3lame -I../../mpglib -I..  -D_FORTIFY_SOURCE=2 -D__USE_MINGW_ANSI_STDIO=1  -mthreads -mtune=generic -O2 -pipe -MT lame.lo -MD -MP -MF .deps/lame.Tpo -c -o lame.lo ../../libmp3lame/lame.c
libtool: compile:  gcc -DHAVE_CONFIG_H -I. -I../../libmp3lame -I.. -I../../include -I../../libmp3lame -I../../mpglib -I.. -D_FORTIFY_SOURCE=2 -D__USE_MINGW_ANSI_STDIO=1 -mthreads -mtune=generic -O2 -pipe -MT gain_analysis.lo -MD -MP -MF .deps/gain_analysis.Tpo -c ../../libmp3lame/gain_analysis.c -o gain_analysis.o
libtool: compile:  gcc -DHAVE_CONFIG_H -I. -I../../libmp3lame -I.. -I../../include -I../../libmp3lame -I../../mpglib -I.. -D_FORTIFY_SOURCE=2 -D__USE_MINGW_ANSI_STDIO=1 -mthreads -mtune=generic -O2 -pipe -MT id3tag.lo -MD -MP -MF .deps/id3tag.Tpo -c ../../libmp3lame/id3tag.c -o id3tag.o
libtool: compile:  gcc -DHAVE_CONFIG_H -I. -I../../libmp3lame -I.. -I../../include -I../../libmp3lame -I../../mpglib -I.. -D_FORTIFY_SOURCE=2 -D__USE_MINGW_ANSI_STDIO=1 -mthreads -mtune=generic -O2 -pipe -MT lame.lo -MD -MP -MF .deps/lame.Tpo -c ../../libmp3lame/lame.c -o lame.o
mv -f .deps/gain_analysis.Tpo .deps/gain_analysis.Plo
/bin/sh ../libtool  --tag=CC   --mode=compile gcc -DHAVE_CONFIG_H  -I. -I../../libmp3lame -I.. -I../../include -I../../libmp3lame -I../../mpglib -I..  -D_FORTIFY_SOURCE=2 -D__USE_MINGW_ANSI_STDIO=1  -mthreads -mtune=generic -O2 -pipe -MT newmdct.lo -MD -MP -MF .deps/newmdct.Tpo -c -o newmdct.lo ../../libmp3lame/newmdct.c
mv -f .deps/bitstream.Tpo .deps/bitstream.Plo
/bin/sh ../libtool  --tag=CC   --mode=compile gcc -DHAVE_CONFIG_H  -I. -I../../libmp3lame -I.. -I../../include -I../../libmp3lame -I../../mpglib -I..  -D_FORTIFY_SOURCE=2 -D__USE_MINGW_ANSI_STDIO=1  -mthreads -mtune=generic -O2 -pipe -MT presets.lo -MD -MP -MF .deps/presets.Tpo -c -o presets.lo ../../libmp3lame/presets.c
libtool: compile:  gcc -DHAVE_CONFIG_H -I. -I../../libmp3lame -I.. -I../../include -I../../libmp3lame -I../../mpglib -I.. -D_FORTIFY_SOURCE=2 -D__USE_MINGW_ANSI_STDIO=1 -mthreads -mtune=generic -O2 -pipe -MT newmdct.lo -MD -MP -MF .deps/newmdct.Tpo -c ../../libmp3lame/newmdct.c -o newmdct.o
libtool: compile:  gcc -DHAVE_CONFIG_H -I. -I../../libmp3lame -I.. -I../../include -I../../libmp3lame -I../../mpglib -I.. -D_FORTIFY_SOURCE=2 -D__USE_MINGW_ANSI_STDIO=1 -mthreads -mtune=generic -O2 -pipe -MT presets.lo -MD -MP -MF .deps/presets.Tpo -c ../../libmp3lame/presets.c -o presets.o
mv -f .deps/id3tag.Tpo .deps/id3tag.Plo
/bin/sh ../libtool  --tag=CC   --mode=compile gcc -DHAVE_CONFIG_H  -I. -I../../libmp3lame -I.. -I../../include -I../../libmp3lame -I../../mpglib -I..  -D_FORTIFY_SOURCE=2 -D__USE_MINGW_ANSI_STDIO=1  -mthreads -mtune=generic -O2 -pipe -MT psymodel.lo -MD -MP -MF .deps/psymodel.Tpo -c -o psymodel.lo ../../libmp3lame/psymodel.c
mv -f .deps/lame.Tpo .deps/lame.Plo
/bin/sh ../libtool  --tag=CC   --mode=compile gcc -DHAVE_CONFIG_H  -I. -I../../libmp3lame -I.. -I../../include -I../../libmp3lame -I../../mpglib -I..  -D_FORTIFY_SOURCE=2 -D__USE_MINGW_ANSI_STDIO=1  -mthreads -mtune=generic -O2 -pipe -MT quantize.lo -MD -MP -MF .deps/quantize.Tpo -c -o quantize.lo ../../libmp3lame/quantize.c
libtool: compile:  gcc -DHAVE_CONFIG_H -I. -I../../libmp3lame -I.. -I../../include -I../../libmp3lame -I../../mpglib -I.. -D_FORTIFY_SOURCE=2 -D__USE_MINGW_ANSI_STDIO=1 -mthreads -mtune=generic -O2 -pipe -MT psymodel.lo -MD -MP -MF .deps/psymodel.Tpo -c ../../libmp3lame/psymodel.c -o psymodel.o
libtool: compile:  gcc -DHAVE_CONFIG_H -I. -I../../libmp3lame -I.. -I../../include -I../../libmp3lame -I../../mpglib -I.. -D_FORTIFY_SOURCE=2 -D__USE_MINGW_ANSI_STDIO=1 -mthreads -mtune=generic -O2 -pipe -MT quantize.lo -MD -MP -MF .deps/quantize.Tpo -c ../../libmp3lame/quantize.c -o quantize.o
mv -f .deps/presets.Tpo .deps/presets.Plo
mv -f .deps/newmdct.Tpo .deps/newmdct.Plo
/bin/sh ../libtool  --tag=CC   --mode=compile gcc -DHAVE_CONFIG_H  -I. -I../../libmp3lame -I.. -I../../include -I../../libmp3lame -I../../mpglib -I..  -D_FORTIFY_SOURCE=2 -D__USE_MINGW_ANSI_STDIO=1  -mthreads -mtune=generic -O2 -pipe -MT quantize_pvt.lo -MD -MP -MF .deps/quantize_pvt.Tpo -c -o quantize_pvt.lo ../../libmp3lame/quantize_pvt.c
/bin/sh ../libtool  --tag=CC   --mode=compile gcc -DHAVE_CONFIG_H  -I. -I../../libmp3lame -I.. -I../../include -I../../libmp3lame -I../../mpglib -I..  -D_FORTIFY_SOURCE=2 -D__USE_MINGW_ANSI_STDIO=1  -mthreads -mtune=generic -O2 -pipe -MT reservoir.lo -MD -MP -MF .deps/reservoir.Tpo -c -o reservoir.lo ../../libmp3lame/reservoir.c
libtool: compile:  gcc -DHAVE_CONFIG_H -I. -I../../libmp3lame -I.. -I../../include -I../../libmp3lame -I../../mpglib -I.. -D_FORTIFY_SOURCE=2 -D__USE_MINGW_ANSI_STDIO=1 -mthreads -mtune=generic -O2 -pipe -MT quantize_pvt.lo -MD -MP -MF .deps/quantize_pvt.Tpo -c ../../libmp3lame/quantize_pvt.c -o quantize_pvt.o
libtool: compile:  gcc -DHAVE_CONFIG_H -I. -I../../libmp3lame -I.. -I../../include -I../../libmp3lame -I../../mpglib -I.. -D_FORTIFY_SOURCE=2 -D__USE_MINGW_ANSI_STDIO=1 -mthreads -mtune=generic -O2 -pipe -MT reservoir.lo -MD -MP -MF .deps/reservoir.Tpo -c ../../libmp3lame/reservoir.c -o reservoir.o
mv -f .deps/reservoir.Tpo .deps/reservoir.Plo
/bin/sh ../libtool  --tag=CC   --mode=compile gcc -DHAVE_CONFIG_H  -I. -I../../libmp3lame -I.. -I../../include -I../../libmp3lame -I../../mpglib -I..  -D_FORTIFY_SOURCE=2 -D__USE_MINGW_ANSI_STDIO=1  -mthreads -mtune=generic -O2 -pipe -MT set_get.lo -MD -MP -MF .deps/set_get.Tpo -c -o set_get.lo ../../libmp3lame/set_get.c
mv -f .deps/quantize.Tpo .deps/quantize.Plo
/bin/sh ../libtool  --tag=CC   --mode=compile gcc -DHAVE_CONFIG_H  -I. -I../../libmp3lame -I.. -I../../include -I../../libmp3lame -I../../mpglib -I..  -D_FORTIFY_SOURCE=2 -D__USE_MINGW_ANSI_STDIO=1  -mthreads -mtune=generic -O2 -pipe -MT tables.lo -MD -MP -MF .deps/tables.Tpo -c -o tables.lo ../../libmp3lame/tables.c
mv -f .deps/psymodel.Tpo .deps/psymodel.Plo
/bin/sh ../libtool  --tag=CC   --mode=compile gcc -DHAVE_CONFIG_H  -I. -I../../libmp3lame -I.. -I../../include -I../../libmp3lame -I../../mpglib -I..  -D_FORTIFY_SOURCE=2 -D__USE_MINGW_ANSI_STDIO=1  -mthreads -mtune=generic -O2 -pipe -MT takehiro.lo -MD -MP -MF .deps/takehiro.Tpo -c -o takehiro.lo ../../libmp3lame/takehiro.c
mv -f .deps/quantize_pvt.Tpo .deps/quantize_pvt.Plo
/bin/sh ../libtool  --tag=CC   --mode=compile gcc -DHAVE_CONFIG_H  -I. -I../../libmp3lame -I.. -I../../include -I../../libmp3lame -I../../mpglib -I..  -D_FORTIFY_SOURCE=2 -D__USE_MINGW_ANSI_STDIO=1  -mthreads -mtune=generic -O2 -pipe -MT util.lo -MD -MP -MF .deps/util.Tpo -c -o util.lo ../../libmp3lame/util.c
libtool: compile:  gcc -DHAVE_CONFIG_H -I. -I../../libmp3lame -I.. -I../../include -I../../libmp3lame -I../../mpglib -I.. -D_FORTIFY_SOURCE=2 -D__USE_MINGW_ANSI_STDIO=1 -mthreads -mtune=generic -O2 -pipe -MT set_get.lo -MD -MP -MF .deps/set_get.Tpo -c ../../libmp3lame/set_get.c -o set_get.o
libtool: compile:  gcc -DHAVE_CONFIG_H -I. -I../../libmp3lame -I.. -I../../include -I../../libmp3lame -I../../mpglib -I.. -D_FORTIFY_SOURCE=2 -D__USE_MINGW_ANSI_STDIO=1 -mthreads -mtune=generic -O2 -pipe -MT tables.lo -MD -MP -MF .deps/tables.Tpo -c ../../libmp3lame/tables.c -o tables.o
libtool: compile:  gcc -DHAVE_CONFIG_H -I. -I../../libmp3lame -I.. -I../../include -I../../libmp3lame -I../../mpglib -I.. -D_FORTIFY_SOURCE=2 -D__USE_MINGW_ANSI_STDIO=1 -mthreads -mtune=generic -O2 -pipe -MT takehiro.lo -MD -MP -MF .deps/takehiro.Tpo -c ../../libmp3lame/takehiro.c -o takehiro.o
libtool: compile:  gcc -DHAVE_CONFIG_H -I. -I../../libmp3lame -I.. -I../../include -I../../libmp3lame -I../../mpglib -I.. -D_FORTIFY_SOURCE=2 -D__USE_MINGW_ANSI_STDIO=1 -mthreads -mtune=generic -O2 -pipe -MT util.lo -MD -MP -MF .deps/util.Tpo -c ../../libmp3lame/util.c -o util.o
mv -f .deps/tables.Tpo .deps/tables.Plo
/bin/sh ../libtool  --tag=CC   --mode=compile gcc -DHAVE_CONFIG_H  -I. -I../../libmp3lame -I.. -I../../include -I../../libmp3lame -I../../mpglib -I..  -D_FORTIFY_SOURCE=2 -D__USE_MINGW_ANSI_STDIO=1  -mthreads -mtune=generic -O2 -pipe -MT vbrquantize.lo -MD -MP -MF .deps/vbrquantize.Tpo -c -o vbrquantize.lo ../../libmp3lame/vbrquantize.c
mv -f .deps/util.Tpo .deps/util.Plo
mv -f .deps/set_get.Tpo .deps/set_get.Plo
/bin/sh ../libtool  --tag=CC   --mode=compile gcc -DHAVE_CONFIG_H  -I. -I../../libmp3lame -I.. -I../../include -I../../libmp3lame -I../../mpglib -I..  -D_FORTIFY_SOURCE=2 -D__USE_MINGW_ANSI_STDIO=1  -mthreads -mtune=generic -O2 -pipe -MT version.lo -MD -MP -MF .deps/version.Tpo -c -o version.lo ../../libmp3lame/version.c
/bin/sh ../libtool  --tag=CC   --mode=compile gcc -DHAVE_CONFIG_H  -I. -I../../libmp3lame -I.. -I../../include -I../../libmp3lame -I../../mpglib -I..  -D_FORTIFY_SOURCE=2 -D__USE_MINGW_ANSI_STDIO=1  -mthreads -mtune=generic -O2 -pipe -MT mpglib_interface.lo -MD -MP -MF .deps/mpglib_interface.Tpo -c -o mpglib_interface.lo ../../libmp3lame/mpglib_interface.c
libtool: compile:  gcc -DHAVE_CONFIG_H -I. -I../../libmp3lame -I.. -I../../include -I../../libmp3lame -I../../mpglib -I.. -D_FORTIFY_SOURCE=2 -D__USE_MINGW_ANSI_STDIO=1 -mthreads -mtune=generic -O2 -pipe -MT vbrquantize.lo -MD -MP -MF .deps/vbrquantize.Tpo -c ../../libmp3lame/vbrquantize.c -o vbrquantize.o
mv -f .deps/takehiro.Tpo .deps/takehiro.Plo
libtool: compile:  gcc -DHAVE_CONFIG_H -I. -I../../libmp3lame -I.. -I../../include -I../../libmp3lame -I../../mpglib -I.. -D_FORTIFY_SOURCE=2 -D__USE_MINGW_ANSI_STDIO=1 -mthreads -mtune=generic -O2 -pipe -MT version.lo -MD -MP -MF .deps/version.Tpo -c ../../libmp3lame/version.c -o version.o
libtool: compile:  gcc -DHAVE_CONFIG_H -I. -I../../libmp3lame -I.. -I../../include -I../../libmp3lame -I../../mpglib -I.. -D_FORTIFY_SOURCE=2 -D__USE_MINGW_ANSI_STDIO=1 -mthreads -mtune=generic -O2 -pipe -MT mpglib_interface.lo -MD -MP -MF .deps/mpglib_interface.Tpo -c ../../libmp3lame/mpglib_interface.c -o mpglib_interface.o
mv -f .deps/version.Tpo .deps/version.Plo
mv -f .deps/mpglib_interface.Tpo .deps/mpglib_interface.Plo
mv -f .deps/vbrquantize.Tpo .deps/vbrquantize.Plo
/bin/sh ../libtool  --tag=CC   --mode=link gcc  -mthreads -mtune=generic -O2 -pipe -version-info 0:0 -export-symbols ../../include/libmp3lame.sym -no-undefined -pipe -static-libgcc -static-libstdc++ -o libmp3lame.la -rpath /local64/lib VbrTag.lo bitstream.lo encoder.lo fft.lo gain_analysis.lo id3tag.lo lame.lo newmdct.lo presets.lo psymodel.lo quantize.lo quantize_pvt.lo reservoir.lo set_get.lo tables.lo takehiro.lo util.lo vbrquantize.lo version.lo mpglib_interface.lo  ../libmp3lame/vector/liblamevectorroutines.la ../mpglib/libmpgdecoder.la -lm 
libtool: link: (cd .libs/libmp3lame.lax/liblamevectorroutines.a && ar x "/build/lame-3.100/build-64bit/libmp3lame/../libmp3lame/vector/.libs/liblamevectorroutines.a")
libtool: link: (cd .libs/libmp3lame.lax/libmpgdecoder.a && ar x "/build/lame-3.100/build-64bit/libmp3lame/../mpglib/.libs/libmpgdecoder.a")
libtool: link: ar cru .libs/libmp3lame.a  VbrTag.o bitstream.o encoder.o fft.o gain_analysis.o id3tag.o lame.o newmdct.o presets.o psymodel.o quantize.o quantize_pvt.o reservoir.o set_get.o tables.o takehiro.o util.o vbrquantize.o version.o mpglib_interface.o  .libs/libmp3lame.lax/liblamevectorroutines.a/xmm_quantize_sub.o  .libs/libmp3lame.lax/libmpgdecoder.a/common.o .libs/libmp3lame.lax/libmpgdecoder.a/dct64_i386.o .libs/libmp3lame.lax/libmpgdecoder.a/decode_i386.o .libs/libmp3lame.lax/libmpgdecoder.a/interface.o .libs/libmp3lame.lax/libmpgdecoder.a/layer1.o .libs/libmp3lame.lax/libmpgdecoder.a/layer2.o .libs/libmp3lame.lax/libmpgdecoder.a/layer3.o .libs/libmp3lame.lax/libmpgdecoder.a/tabinit.o 
libtool: link: ranlib .libs/libmp3lame.a
libtool: link: rm -fr .libs/libmp3lame.lax
libtool: link: ( cd ".libs" && rm -f "libmp3lame.la" && cp -pR "../libmp3lame.la" "libmp3lame.la" )
make[3]: Leaving directory '/build/lame-3.100/build-64bit/libmp3lame'
make[2]: Leaving directory '/build/lame-3.100/build-64bit/libmp3lame'
Making all in frontend
make[2]: Entering directory '/build/lame-3.100/build-64bit/frontend'
gcc -DHAVE_CONFIG_H  -I. -I../../frontend -I.. -I../../libmp3lame -I../../include -I..  -D_FORTIFY_SOURCE=2 -D__USE_MINGW_ANSI_STDIO=1  -mthreads -mtune=generic -O2 -pipe     -MT lame_main.o -MD -MP -MF .deps/lame_main.Tpo -c -o lame_main.o ../../frontend/lame_main.c
gcc -DHAVE_CONFIG_H  -I. -I../../frontend -I.. -I../../libmp3lame -I../../include -I..  -D_FORTIFY_SOURCE=2 -D__USE_MINGW_ANSI_STDIO=1  -mthreads -mtune=generic -O2 -pipe     -MT main.o -MD -MP -MF .deps/main.Tpo -c -o main.o ../../frontend/main.c
gcc -DHAVE_CONFIG_H  -I. -I../../frontend -I.. -I../../libmp3lame -I../../include -I..  -D_FORTIFY_SOURCE=2 -D__USE_MINGW_ANSI_STDIO=1  -mthreads -mtune=generic -O2 -pipe     -MT brhist.o -MD -MP -MF .deps/brhist.Tpo -c -o brhist.o ../../frontend/brhist.c
gcc -DHAVE_CONFIG_H  -I. -I../../frontend -I.. -I../../libmp3lame -I../../include -I..  -D_FORTIFY_SOURCE=2 -D__USE_MINGW_ANSI_STDIO=1  -mthreads -mtune=generic -O2 -pipe     -MT console.o -MD -MP -MF .deps/console.Tpo -c -o console.o ../../frontend/console.c
mv -f .deps/console.Tpo .deps/console.Po
mv -f .deps/main.Tpo .deps/main.Po
gcc -DHAVE_CONFIG_H  -I. -I../../frontend -I.. -I../../libmp3lame -I../../include -I..  -D_FORTIFY_SOURCE=2 -D__USE_MINGW_ANSI_STDIO=1  -mthreads -mtune=generic -O2 -pipe     -MT get_audio.o -MD -MP -MF .deps/get_audio.Tpo -c -o get_audio.o ../../frontend/get_audio.c
mv -f .deps/brhist.Tpo .deps/brhist.Po
mv -f .deps/lame_main.Tpo .deps/lame_main.Po
gcc -DHAVE_CONFIG_H  -I. -I../../frontend -I.. -I../../libmp3lame -I../../include -I..  -D_FORTIFY_SOURCE=2 -D__USE_MINGW_ANSI_STDIO=1  -mthreads -mtune=generic -O2 -pipe     -MT lametime.o -MD -MP -MF .deps/lametime.Tpo -c -o lametime.o ../../frontend/lametime.c
gcc -DHAVE_CONFIG_H  -I. -I../../frontend -I.. -I../../libmp3lame -I../../include -I..  -D_FORTIFY_SOURCE=2 -D__USE_MINGW_ANSI_STDIO=1  -mthreads -mtune=generic -O2 -pipe     -MT parse.o -MD -MP -MF .deps/parse.Tpo -c -o parse.o ../../frontend/parse.c
gcc -DHAVE_CONFIG_H  -I. -I../../frontend -I.. -I../../libmp3lame -I../../include -I..  -D_FORTIFY_SOURCE=2 -D__USE_MINGW_ANSI_STDIO=1  -mthreads -mtune=generic -O2 -pipe     -MT timestatus.o -MD -MP -MF .deps/timestatus.Tpo -c -o timestatus.o ../../frontend/timestatus.c
mv -f .deps/lametime.Tpo .deps/lametime.Po
mv -f .deps/timestatus.Tpo .deps/timestatus.Po
mv -f .deps/get_audio.Tpo .deps/get_audio.Po
mv -f .deps/parse.Tpo .deps/parse.Po
/bin/sh ../libtool  --tag=CC   --mode=link gcc  -mthreads -mtune=generic -O2 -pipe      -pipe -static-libgcc -static-libstdc++  -static  -o lame.exe lame_main.o main.o brhist.o console.o get_audio.o lametime.o parse.o timestatus.o ../libmp3lame/libmp3lame.la -lncurses  -liconv -lm 
libtool: link: gcc -mthreads -mtune=generic -O2 -pipe -pipe -static-libgcc -static-libstdc++ -o lame.exe lame_main.o main.o brhist.o console.o get_audio.o lametime.o parse.o timestatus.o  ../libmp3lame/.libs/libmp3lame.a -lncurses -liconv -mthreads
make[2]: Leaving directory '/build/lame-3.100/build-64bit/frontend'
Making all in Dll
make[2]: Entering directory '/build/lame-3.100/build-64bit/Dll'
make[2]: Nothing to be done for 'all'.
make[2]: Leaving directory '/build/lame-3.100/build-64bit/Dll'
Making all in doc
make[2]: Entering directory '/build/lame-3.100/build-64bit/doc'
Making all in html
make[3]: Entering directory '/build/lame-3.100/build-64bit/doc/html'
make[3]: Nothing to be done for 'all'.
make[3]: Leaving directory '/build/lame-3.100/build-64bit/doc/html'
Making all in man
make[3]: Entering directory '/build/lame-3.100/build-64bit/doc/man'
make[3]: Nothing to be done for 'all'.
make[3]: Leaving directory '/build/lame-3.100/build-64bit/doc/man'
make[3]: Entering directory '/build/lame-3.100/build-64bit/doc'
make[3]: Nothing to be done for 'all-am'.
make[3]: Leaving directory '/build/lame-3.100/build-64bit/doc'
make[2]: Leaving directory '/build/lame-3.100/build-64bit/doc'
Making all in include
make[2]: Entering directory '/build/lame-3.100/build-64bit/include'
make[2]: Nothing to be done for 'all'.
make[2]: Leaving directory '/build/lame-3.100/build-64bit/include'
Making all in misc
make[2]: Entering directory '/build/lame-3.100/build-64bit/misc'
make[2]: Nothing to be done for 'all'.
make[2]: Leaving directory '/build/lame-3.100/build-64bit/misc'
Making all in dshow
make[2]: Entering directory '/build/lame-3.100/build-64bit/dshow'
make[2]: Nothing to be done for 'all'.
make[2]: Leaving directory '/build/lame-3.100/build-64bit/dshow'
Making all in ACM
make[2]: Entering directory '/build/lame-3.100/build-64bit/ACM'
Making all in ADbg
make[3]: Entering directory '/build/lame-3.100/build-64bit/ACM/ADbg'
make[3]: Nothing to be done for 'all'.
make[3]: Leaving directory '/build/lame-3.100/build-64bit/ACM/ADbg'
Making all in ddk
make[3]: Entering directory '/build/lame-3.100/build-64bit/ACM/ddk'
make[3]: Nothing to be done for 'all'.
make[3]: Leaving directory '/build/lame-3.100/build-64bit/ACM/ddk'
Making all in tinyxml
make[3]: Entering directory '/build/lame-3.100/build-64bit/ACM/tinyxml'
make[3]: Nothing to be done for 'all'.
make[3]: Leaving directory '/build/lame-3.100/build-64bit/ACM/tinyxml'
make[3]: Entering directory '/build/lame-3.100/build-64bit/ACM'
make[3]: Nothing to be done for 'all-am'.
make[3]: Leaving directory '/build/lame-3.100/build-64bit/ACM'
make[2]: Leaving directory '/build/lame-3.100/build-64bit/ACM'
Making all in mac
make[2]: Entering directory '/build/lame-3.100/build-64bit/mac'
make[2]: Nothing to be done for 'all'.
make[2]: Leaving directory '/build/lame-3.100/build-64bit/mac'
Making all in macosx
make[2]: Entering directory '/build/lame-3.100/build-64bit/macosx'
Making all in English.lproj
make[3]: Entering directory '/build/lame-3.100/build-64bit/macosx/English.lproj'
make[3]: Nothing to be done for 'all'.
make[3]: Leaving directory '/build/lame-3.100/build-64bit/macosx/English.lproj'
Making all in LAME.xcodeproj
make[3]: Entering directory '/build/lame-3.100/build-64bit/macosx/LAME.xcodeproj'
make[3]: Nothing to be done for 'all'.
make[3]: Leaving directory '/build/lame-3.100/build-64bit/macosx/LAME.xcodeproj'
make[3]: Entering directory '/build/lame-3.100/build-64bit/macosx'
make[3]: Nothing to be done for 'all-am'.
make[3]: Leaving directory '/build/lame-3.100/build-64bit/macosx'
make[2]: Leaving directory '/build/lame-3.100/build-64bit/macosx'
Making all in vc_solution
make[2]: Entering directory '/build/lame-3.100/build-64bit/vc_solution'
make[2]: Nothing to be done for 'all'.
make[2]: Leaving directory '/build/lame-3.100/build-64bit/vc_solution'
make[2]: Entering directory '/build/lame-3.100/build-64bit'
make[2]: Leaving directory '/build/lame-3.100/build-64bit'
make[1]: Leaving directory '/build/lame-3.100/build-64bit'
