CFLAGS: -mthreads -mtune=generic -O2 -pipe
LDFLAGS: -pipe -static-libgcc -static-libstdc++
../configure --build=x86_64-w64-mingw32 --host=x86_64-w64-mingw32 --target=x86_64-w64-mingw32 --prefix=/local64 --disable-shared --enable-static --enable-nasm
configure: loading site script /mingw64/etc/config.site
checking build system type... x86_64-w64-mingw32
checking host system type... x86_64-w64-mingw32
checking for a BSD-compatible install... /usr/bin/install -c
checking whether build environment is sane... yes
checking for a thread-safe mkdir -p... /usr/bin/mkdir -p
checking for gawk... gawk
checking whether make sets $(MAKE)... yes
checking whether make supports nested variables... yes
checking whether to enable maintainer-specific portions of Makefiles... no
checking for style of include used by make... GNU
checking for x86_64-w64-mingw32-gcc... gcc
checking whether the C compiler works... yes
checking for C compiler default output file name... a.exe
checking for suffix of executables... .exe
checking whether we are cross compiling... no
checking for suffix of object files... o
checking whether we are using the GNU C compiler... yes
checking whether gcc accepts -g... yes
checking for gcc option to accept ISO C89... none needed
checking whether gcc understands -c and -o together... yes
checking dependency style of gcc... gcc3
checking how to run the C preprocessor... gcc -E
checking for grep that handles long lines and -e... /usr/bin/grep
checking for egrep... /usr/bin/grep -E
checking for ANSI C header files... yes
checking for sys/types.h... yes
checking for sys/stat.h... yes
checking for stdlib.h... yes
checking for string.h... yes
checking for memory.h... yes
checking for strings.h... yes
checking for inttypes.h... yes
checking for stdint.h... yes
checking for unistd.h... yes
checking minix/config.h usability... no
checking minix/config.h presence... no
checking for minix/config.h... no
checking whether it is safe to define __EXTENSIONS__... yes
checking for library containing strerror... none required
checking how to print strings... printf
checking for a sed that does not truncate output... /usr/bin/sed
checking for fgrep... /usr/bin/grep -F
checking for ld used by gcc... C:/ab_suite_prod_2/master/msys64/mingw64/x86_64-w64-mingw32/bin/ld.exe
checking if the linker (C:/ab_suite_prod_2/master/msys64/mingw64/x86_64-w64-mingw32/bin/ld.exe) is GNU ld... yes
checking for BSD- or MS-compatible name lister (nm)... /mingw64/bin/nm -B
checking the name lister (/mingw64/bin/nm -B) interface... BSD nm
checking whether ln -s works... no, using cp -pR
checking the maximum length of command line arguments... 8192
checking how to convert x86_64-w64-mingw32 file names to x86_64-w64-mingw32 format... func_convert_file_msys_to_w32
checking how to convert x86_64-w64-mingw32 file names to toolchain format... func_convert_file_msys_to_w32
checking for C:/ab_suite_prod_2/master/msys64/mingw64/x86_64-w64-mingw32/bin/ld.exe option to reload object files... -r
checking for x86_64-w64-mingw32-objdump... no
checking for objdump... objdump
checking how to recognize dependent libraries... file_magic ^x86 archive import|^x86 DLL
checking for x86_64-w64-mingw32-dlltool... no
checking for dlltool... dlltool
checking how to associate runtime and link libraries... func_cygming_dll_for_implib
checking for x86_64-w64-mingw32-ar... no
checking for ar... ar
checking for archiver @FILE support... @
checking for x86_64-w64-mingw32-strip... no
checking for strip... strip
checking for x86_64-w64-mingw32-ranlib... no
checking for ranlib... ranlib
checking command to parse /mingw64/bin/nm -B output from gcc object... ok
checking for sysroot... no
checking for a working dd... /usr/bin/dd
checking how to truncate binary pipes... /usr/bin/dd bs=4096 count=1
checking for x86_64-w64-mingw32-mt... no
checking for mt... no
checking if : is a manifest tool... no
checking for dlfcn.h... yes
checking for objdir... .libs
checking if gcc supports -fno-rtti -fno-exceptions... no
checking for gcc option to produce PIC... -DDLL_EXPORT -DPIC
checking if gcc PIC flag -DDLL_EXPORT -DPIC works... yes
checking if gcc static flag -static works... yes
checking if gcc supports -c -o file.o... yes
checking if gcc supports -c -o file.o... (cached) yes
checking whether the gcc linker (C:/ab_suite_prod_2/master/msys64/mingw64/x86_64-w64-mingw32/bin/ld.exe) supports shared libraries... yes
checking dynamic linker characteristics... Win32 ld.exe
checking how to hardcode library paths into programs... immediate
checking whether stripping libraries is possible... yes
checking if libtool supports shared libraries... yes
checking whether to build shared libraries... no
checking whether to build static libraries... yes
checking for x86_64-w64-mingw32-gcc... (cached) gcc
checking whether we are using the GNU C compiler... (cached) yes
checking whether gcc accepts -g... (cached) yes
checking for gcc option to accept ISO C89... (cached) none needed
checking whether gcc understands -c and -o together... (cached) yes
checking dependency style of gcc... (cached) gcc3
checking compiler... gcc
checking version of GCC... unknown compiler version pattern
checking dmalloc.h usability... no
checking dmalloc.h presence... no
checking for dmalloc.h... no
checking for ANSI C header files... (cached) yes
checking errno.h usability... yes
checking errno.h presence... yes
checking for errno.h... yes
checking fcntl.h usability... yes
checking fcntl.h presence... yes
checking for fcntl.h... yes
checking limits.h usability... yes
checking limits.h presence... yes
checking for limits.h... yes
checking for stdint.h... (cached) yes
checking for string.h... (cached) yes
checking sys/soundcard.h usability... no
checking sys/soundcard.h presence... no
checking for sys/soundcard.h... no
checking sys/time.h usability... yes
checking sys/time.h presence... yes
checking for sys/time.h... yes
checking for unistd.h... (cached) yes
checking linux/soundcard.h usability... no
checking linux/soundcard.h presence... no
checking for linux/soundcard.h... no
checking working SSE intrinsics... yes
checking for an ANSI C-conforming const... yes
checking for inline... inline
checking whether byte ordering is bigendian... no
checking for special C compiler options needed for large files... no
checking for _FILE_OFFSET_BITS value needed for large files... 64
checking size of short... 2
checking size of unsigned short... 2
checking size of int... 4
checking size of unsigned int... 4
checking size of long... 4
checking size of unsigned long... 4
checking size of long long... 8
checking size of unsigned long long... 8
checking size of float... 4
checking size of double... 8
checking for long double with more range or precision than double... yes
checking for uint8_t... yes
checking for int8_t... yes
checking for uint16_t... yes
checking for int16_t... yes
checking for uint32_t... yes
checking for int32_t... yes
checking for uint64_t... yes
checking for int64_t... yes
checking for IEEE854 compliant 80 bit floats... yes
checking for ieee854_float80_t... no
checking for ieee754_float64_t... no
checking for ieee754_float32_t... no
checking for size_t... yes
checking whether time.h and sys/time.h may both be included... yes
checking for working alloca.h... no
checking for alloca... yes
checking for gettimeofday... yes
checking for strtol... yes
checking for socket... no
checking for socket in -lsocket... no
checking termcap.h usability... yes
checking termcap.h presence... yes
checking for termcap.h... yes
checking ncurses/termcap.h usability... yes
checking ncurses/termcap.h presence... yes
checking for ncurses/termcap.h... yes
checking for initscr in -ltermcap... no
checking for initscr in -lcurses... no
checking for initscr in -lncurses... yes
checking for ld used by gcc... C:/ab_suite_prod_2/master/msys64/mingw64/x86_64-w64-mingw32/bin/ld.exe
checking if the linker (C:/ab_suite_prod_2/master/msys64/mingw64/x86_64-w64-mingw32/bin/ld.exe) is GNU ld... yes
checking for shared library run path origin... done
checking for iconv... yes
checking for working iconv... yes
checking how to link with libiconv... -liconv
checking for iconv declaration... 
         extern size_t iconv (iconv_t cd, char * *inbuf, size_t *inbytesleft, char * *outbuf, size_t *outbytesleft);
checking for cos in -lm... yes
checking for cos in -lffm... no
checking for cos in -lcpml... no
checking for gtk-config... no
checking for GTK - version >= 1.2.0... no
*** The gtk-config script installed by GTK could not be found
*** If GTK was installed in PREFIX, make sure PREFIX/bin is in
*** your path, or set the GTK_CONFIG environment variable to the
*** full path to gtk-config.
checking use of ElectricFence malloc debugging... no
checking use of file io... lame
checking use of analyzer hooks... yes
checking use of mpg123 decoder... yes (Layer 1, 2, 3)
checking if the lame frontend should be build... yes
checking if mp3x is requested... no
checking if mp3rtp is requested... no
checking if dynamic linking of the frontends is requested... no
checking for termcap... yes
checking if I have to build the internal vector lib... yes
checking for nasm... /mingw64/bin/nasm
checking for assembler routines for this processor type... no
checking for additional optimizations... no
checking for debug options... no
checking that generated files are newer than configure... done
configure: creating ./config.status
config.status: creating Makefile
config.status: creating libmp3lame/Makefile
config.status: creating libmp3lame/i386/Makefile
config.status: creating libmp3lame/vector/Makefile
config.status: creating frontend/Makefile
config.status: creating mpglib/Makefile
config.status: creating doc/Makefile
config.status: creating doc/html/Makefile
config.status: creating doc/man/Makefile
config.status: creating include/Makefile
config.status: creating Dll/Makefile
config.status: creating misc/Makefile
config.status: creating dshow/Makefile
config.status: creating ACM/Makefile
config.status: creating ACM/ADbg/Makefile
config.status: creating ACM/ddk/Makefile
config.status: creating ACM/tinyxml/Makefile
config.status: creating lame.spec
config.status: creating mac/Makefile
config.status: creating macosx/Makefile
config.status: creating macosx/English.lproj/Makefile
config.status: creating macosx/LAME.xcodeproj/Makefile
config.status: creating vc_solution/Makefile
config.status: creating config.h
config.status: executing depfiles commands
config.status: executing libtool commands
