CFLAGS: -mthreads -mtune=generic -O2 -pipe
LDFLAGS: -pipe -static-libgcc -static-libstdc++
make 
/bin/sh ../build-scripts/mkinstalldirs build
/bin/sh ../build-scripts/updaterev.sh
  CC     build/SDL_assert.lo
  CC     build/SDL_dataqueue.lo
mkdir -p -- build
  CC     build/SDL_error.lo
  CC     build/SDL_hints.lo
  CC     build/SDL_log.lo
  CC     build/SDL_atomic.lo
  CC     build/SDL_spinlock.lo
  CC     build/SDL_audio.lo
  CC     build/SDL_audiocvt.lo
  CC     build/SDL_audiodev.lo
  CC     build/SDL_audiotypecvt.lo
  CC     build/SDL_mixer.lo
  CC     build/SDL_wave.lo
  CC     build/SDL_cpuinfo.lo
  CC     build/SDL_dynapi.lo
  CC     build/SDL_clipboardevents.lo
  CC     build/SDL_dropevents.lo
  CC     build/SDL_events.lo
  CC     build/SDL_gesture.lo
  CC     build/SDL_keyboard.lo
  CC     build/SDL_mouse.lo
  CC     build/SDL_quit.lo
  CC     build/SDL_touch.lo
  CC     build/SDL_windowevents.lo
  CC     build/SDL_rwops.lo
  CC     build/SDL_haptic.lo
  CC     build/SDL_gamecontroller.lo
  CC     build/SDL_joystick.lo
  CC     build/e_atan2.lo
  CC     build/e_fmod.lo
  CC     build/e_log.lo
  CC     build/e_log10.lo
  CC     build/e_pow.lo
  CC     build/e_rem_pio2.lo
  CC     build/e_sqrt.lo
  CC     build/k_cos.lo
  CC     build/k_rem_pio2.lo
  CC     build/k_sin.lo
  CC     build/k_tan.lo
  CC     build/s_atan.lo
  CC     build/s_copysign.lo
  CC     build/s_cos.lo
  CC     build/s_fabs.lo
  CC     build/s_floor.lo
  CC     build/s_scalbn.lo
  CC     build/s_sin.lo
  CC     build/s_tan.lo
  CC     build/SDL_power.lo
  CC     build/SDL_d3dmath.lo
  CC     build/SDL_render.lo
  CC     build/SDL_render_d3d.lo
  CC     build/SDL_yuv_sw.lo
  CC     build/SDL_shaders_d3d.lo
  CC     build/SDL_render_d3d11.lo
  CC     build/SDL_shaders_d3d11.lo
  CC     build/SDL_render_gl.lo
  CC     build/SDL_shaders_gl.lo
../src/render/direct3d11/SDL_render_d3d11.c: In function 'D3D11_RenderCopy':
../src/render/direct3d11/SDL_render_d3d11.c:2238:24: warning: unused variable 'textureData' [-Wunused-variable]
     D3D11_TextureData *textureData = (D3D11_TextureData *) texture->driverdata;
                        ^~~~~~~~~~~
../src/render/direct3d11/SDL_render_d3d11.c:2237:23: warning: unused variable 'rendererData' [-Wunused-variable]
     D3D11_RenderData *rendererData = (D3D11_RenderData *) renderer->driverdata;
                       ^~~~~~~~~~~~
../src/render/direct3d11/SDL_render_d3d11.c: In function 'D3D11_RenderCopyEx':
../src/render/direct3d11/SDL_render_d3d11.c:2311:24: warning: unused variable 'textureData' [-Wunused-variable]
     D3D11_TextureData *textureData = (D3D11_TextureData *) texture->driverdata;
                        ^~~~~~~~~~~
../src/render/direct3d11/SDL_render_d3d11.c:2310:23: warning: unused variable 'rendererData' [-Wunused-variable]
     D3D11_RenderData *rendererData = (D3D11_RenderData *) renderer->driverdata;
                       ^~~~~~~~~~~~
  CC     build/SDL_render_gles.lo
  CC     build/SDL_render_gles2.lo
  CC     build/SDL_shaders_gles2.lo
  CC     build/SDL_render_psp.lo
  CC     build/SDL_blendfillrect.lo
  CC     build/SDL_blendline.lo
  CC     build/SDL_blendpoint.lo
  CC     build/SDL_drawline.lo
  CC     build/SDL_drawpoint.lo
  CC     build/SDL_render_sw.lo
  CC     build/SDL_rotate.lo
  CC     build/SDL_getenv.lo
  CC     build/SDL_iconv.lo
  CC     build/SDL_malloc.lo
  CC     build/SDL_qsort.lo
  CC     build/SDL_stdlib.lo
  CC     build/SDL_string.lo
  CC     build/SDL_thread.lo
  CC     build/SDL_timer.lo
  CC     build/SDL_RLEaccel.lo
  CC     build/SDL_blit.lo
  CC     build/SDL_blit_0.lo
  CC     build/SDL_blit_1.lo
  CC     build/SDL_blit_A.lo
  CC     build/SDL_blit_N.lo
  CC     build/SDL_blit_auto.lo
  CC     build/SDL_blit_copy.lo
  CC     build/SDL_blit_slow.lo
  CC     build/SDL_bmp.lo
  CC     build/SDL_clipboard.lo
  CC     build/SDL_egl.lo
  CC     build/SDL_fillrect.lo
  CC     build/SDL_pixels.lo
  CC     build/SDL_rect.lo
  CC     build/SDL_shape.lo
  CC     build/SDL_stretch.lo
  CC     build/SDL_surface.lo
  CC     build/SDL_video.lo
  CC     build/SDL_vulkan_utils.lo
  CC     build/SDL_yuv.lo
  CC     build/yuv_rgb.lo
  CC     build/SDL_nullevents.lo
  CC     build/SDL_nullframebuffer.lo
  CC     build/SDL_nullvideo.lo
  CC     build/SDL_diskaudio.lo
  CC     build/SDL_dummyaudio.lo
  CC     build/SDL_windows.lo
  CC     build/SDL_xinput.lo
  CC     build/SDL_windowsclipboard.lo
  CC     build/SDL_windowsevents.lo
  CC     build/SDL_windowsframebuffer.lo
  CC     build/SDL_windowskeyboard.lo
  CC     build/SDL_windowsmessagebox.lo
  CC     build/SDL_windowsmodes.lo
  CC     build/SDL_windowsmouse.lo
  CC     build/SDL_windowsopengl.lo
  CC     build/SDL_windowsopengles.lo
  CC     build/SDL_windowsshape.lo
  CC     build/SDL_windowsvideo.lo
  CC     build/SDL_windowsvulkan.lo
  CC     build/SDL_windowswindow.lo
  CC     build/SDL_winmm.lo
  CC     build/SDL_directsound.lo
  CC     build/SDL_wasapi.lo
  CC     build/SDL_wasapi_win32.lo
  CC     build/SDL_dinputjoystick.lo
  CC     build/SDL_mmjoystick.lo
  CC     build/SDL_windowsjoystick.lo
  CC     build/SDL_xinputjoystick.lo
  CC     build/SDL_dinputhaptic.lo
  CC     build/SDL_windowshaptic.lo
  CC     build/SDL_xinputhaptic.lo
  CC     build/SDL_syspower.lo
  CC     build/SDL_sysfilesystem.lo
  CC     build/SDL_sysmutex.lo
  CC     build/SDL_syssem.lo
  CC     build/SDL_systhread.lo
  CC     build/SDL_systls.lo
  CC     build/SDL_syscond.lo
  CC     build/SDL_systimer.lo
  CC     build/SDL_sysloadso.lo
windres ../src/main/windows/version.rc build/version.o
  CC     build/SDL_windows_main.lo
  CC     build/SDL_test_assert.lo
  CC     build/SDL_test_common.lo
  CC     build/SDL_test_compare.lo
  CC     build/SDL_test_crc32.lo
  CC     build/SDL_test_font.lo
  CC     build/SDL_test_fuzzer.lo
  CC     build/SDL_test_harness.lo
  CC     build/SDL_test_imageBlit.lo
  CC     build/SDL_test_imageBlitBlend.lo
../src/test/SDL_test_harness.c: In function 'SDLTest_RunSuites':
../src/test/SDL_test_harness.c:570:37: warning: unknown conversion type character 'l' in format [-Wformat=]
                         SDLTest_Log("Test Iteration %i: execKey %" SDL_PRIu64, iterationCounter, execKey);
                                     ^~~~~~~~~~~~~~~~~~~~~~~~~~~~~~
In file included from C:/ab_suite_prod_2/master/msys64/mingw64/x86_64-w64-mingw32/include/inttypes.h:299,
                 from ../include/SDL_stdinc.h:69,
                 from ../include/SDL_main.h:25,
                 from ../include/SDL.h:32,
                 from ../include/SDL_test.h:33,
                 from ../src/test/SDL_test_harness.c:24:
C:/ab_suite_prod_2/master/msys64/mingw64/x86_64-w64-mingw32/include/_mingw_print_pop.h:86:18: note: format string is defined here
 #define PRIu64 "llu"
                  ^
../src/test/SDL_test_harness.c:570:37: warning: too many arguments for format [-Wformat-extra-args]
                         SDLTest_Log("Test Iteration %i: execKey %" SDL_PRIu64, iterationCounter, execKey);
                                     ^~~~~~~~~~~~~~~~~~~~~~~~~~~~~~
  CC     build/SDL_test_imageFace.lo
  CC     build/SDL_test_imagePrimitives.lo
  CC     build/SDL_test_imagePrimitivesBlend.lo
  CC     build/SDL_test_log.lo
  CC     build/SDL_test_md5.lo
  CC     build/SDL_test_memory.lo
  CC     build/SDL_test_random.lo
../src/test/SDL_test_memory.c: In function 'SDLTest_LogAllocations':
../src/test/SDL_test_memory.c:260:50: warning: unknown conversion type character 'l' in format [-Wformat=]
                 SDL_snprintf(line, sizeof(line), "\t0x%"SDL_PRIx64": %s\n", entry->stack[stack_index], entry->stack_names[stack_index]);
                                                  ^~~~~~~
In file included from C:/ab_suite_prod_2/master/msys64/mingw64/x86_64-w64-mingw32/include/inttypes.h:299,
                 from ../include/SDL_stdinc.h:69,
                 from ../src/test/SDL_test_memory.c:23:
C:/ab_suite_prod_2/master/msys64/mingw64/x86_64-w64-mingw32/include/_mingw_print_pop.h:90:18: note: format string is defined here
 #define PRIx64 "llx"
                  ^
../src/test/SDL_test_memory.c:260:50: warning: format '%s' expects argument of type 'char *', but argument 4 has type 'Uint64' {aka 'long long unsigned int'} [-Wformat=]
                 SDL_snprintf(line, sizeof(line), "\t0x%"SDL_PRIx64": %s\n", entry->stack[stack_index], entry->stack_names[stack_index]);
                                                  ^~~~~~~                    ~~~~~~~~~~~~~~~~~~~~~~~~~
../src/test/SDL_test_memory.c:260:71: note: format string is defined here
                 SDL_snprintf(line, sizeof(line), "\t0x%"SDL_PRIx64": %s\n", entry->stack[stack_index], entry->stack_names[stack_index]);
                                                                      ~^
                                                                      %I64d
../src/test/SDL_test_memory.c:260:50: warning: too many arguments for format [-Wformat-extra-args]
                 SDL_snprintf(line, sizeof(line), "\t0x%"SDL_PRIx64": %s\n", entry->stack[stack_index], entry->stack_names[stack_index]);
                                                  ^~~~~~~
  CC     build/SDL.lo
  LTLINK build/libSDL2main.la
  LTLINK build/libSDL2_test.la
libtool: link: warning: undefined symbols not allowed in x86_64-w64-mingw32 shared libraries
  LTLINK build/libSDL2.la
libtool: link: warning: undefined symbols not allowed in x86_64-w64-mingw32 shared libraries

*** Warning: Linking the shared library build/libSDL2.la against the non-libtool
*** objects  build/version.o is not portable!
