CFLAGS: -mthreads -mtune=generic -O2 -pipe
LDFLAGS: -pipe -static-libgcc -static-libstdc++
../configure --build=x86_64-w64-mingw32 --host=x86_64-w64-mingw32 --target=x86_64-w64-mingw32 --prefix=/local64 --disable-shared --enable-static 
configure: WARNING: you should use --build, --host, --target
configure: loading site script /mingw64/etc/config.site
checking build system type... x86_64-w64-mingw32
checking host system type... x86_64-w64-mingw32
checking how to print strings... printf
checking for x86_64-w64-mingw32-gcc... gcc
checking whether the C compiler works... yes
checking for C compiler default output file name... a.exe
checking for suffix of executables... .exe
checking whether we are cross compiling... no
checking for suffix of object files... o
checking whether we are using the GNU C compiler... yes
checking whether gcc accepts -g... yes
checking for gcc option to accept ISO C89... none needed
checking for a sed that does not truncate output... /usr/bin/sed
checking for grep that handles long lines and -e... /usr/bin/grep
checking for egrep... /usr/bin/grep -E
checking for fgrep... /usr/bin/grep -F
checking for ld used by gcc... C:/ab_suite_prod_2/master/msys64/mingw64/x86_64-w64-mingw32/bin/ld.exe
checking if the linker (C:/ab_suite_prod_2/master/msys64/mingw64/x86_64-w64-mingw32/bin/ld.exe) is GNU ld... yes
checking for BSD- or MS-compatible name lister (nm)... /mingw64/bin/nm -B
checking the name lister (/mingw64/bin/nm -B) interface... BSD nm
checking whether ln -s works... no, using cp -pR
checking the maximum length of command line arguments... 8192
checking whether the shell understands some XSI constructs... yes
checking whether the shell understands "+="... yes
checking how to convert x86_64-w64-mingw32 file names to x86_64-w64-mingw32 format... func_convert_file_msys_to_w32
checking how to convert x86_64-w64-mingw32 file names to toolchain format... func_convert_file_msys_to_w32
checking for C:/ab_suite_prod_2/master/msys64/mingw64/x86_64-w64-mingw32/bin/ld.exe option to reload object files... -r
checking for x86_64-w64-mingw32-objdump... no
checking for objdump... objdump
checking how to recognize dependent libraries... pass_all
checking for x86_64-w64-mingw32-dlltool... no
checking for dlltool... dlltool
checking how to associate runtime and link libraries... func_cygming_dll_for_implib
checking for x86_64-w64-mingw32-ar... no
checking for ar... ar
checking for archiver @FILE support... @
checking for x86_64-w64-mingw32-strip... no
checking for strip... strip
checking for x86_64-w64-mingw32-ranlib... no
checking for ranlib... ranlib
checking for gawk... gawk
checking command to parse /mingw64/bin/nm -B output from gcc object... ok
checking for sysroot... no
checking for x86_64-w64-mingw32-mt... no
checking for mt... no
checking if : is a manifest tool... no
checking how to run the C preprocessor... gcc -E
checking for ANSI C header files... yes
checking for sys/types.h... yes
checking for sys/stat.h... yes
checking for stdlib.h... yes
checking for string.h... yes
checking for memory.h... yes
checking for strings.h... yes
checking for inttypes.h... yes
checking for stdint.h... yes
checking for unistd.h... yes
checking for dlfcn.h... yes
checking for x86_64-w64-mingw32-as... no
checking for as... as
checking for x86_64-w64-mingw32-dlltool... dlltool
checking for x86_64-w64-mingw32-objdump... objdump
checking for objdir... .libs
checking if gcc supports -fno-rtti -fno-exceptions... no
checking for gcc option to produce PIC... -DDLL_EXPORT -DPIC
checking if gcc PIC flag -DDLL_EXPORT -DPIC works... yes
checking if gcc static flag -static works... yes
checking if gcc supports -c -o file.o... yes
checking if gcc supports -c -o file.o... (cached) yes
checking whether the gcc linker (C:/ab_suite_prod_2/master/msys64/mingw64/x86_64-w64-mingw32/bin/ld.exe) supports shared libraries... yes
checking dynamic linker characteristics... Win32 ld.exe
checking how to hardcode library paths into programs... immediate
checking whether stripping libraries is possible... yes
checking if libtool supports shared libraries... yes
checking whether to build shared libraries... no
checking whether to build static libraries... yes
checking for x86_64-w64-mingw32-gcc... (cached) gcc
checking whether we are using the GNU C compiler... (cached) yes
checking whether gcc accepts -g... (cached) yes
checking for gcc option to accept ISO C89... (cached) none needed
checking for x86_64-w64-mingw32-g++... x86_64-w64-mingw32-g++
checking whether we are using the GNU C++ compiler... yes
checking whether x86_64-w64-mingw32-g++ accepts -g... yes
checking how to run the C++ preprocessor... x86_64-w64-mingw32-g++ -E
checking for ld used by x86_64-w64-mingw32-g++... C:/ab_suite_prod_2/master/msys64/mingw64/x86_64-w64-mingw32/bin/ld.exe
checking if the linker (C:/ab_suite_prod_2/master/msys64/mingw64/x86_64-w64-mingw32/bin/ld.exe) is GNU ld... yes
checking whether the x86_64-w64-mingw32-g++ linker (C:/ab_suite_prod_2/master/msys64/mingw64/x86_64-w64-mingw32/bin/ld.exe) supports shared libraries... yes
checking for x86_64-w64-mingw32-g++ option to produce PIC... -DDLL_EXPORT -DPIC
checking if x86_64-w64-mingw32-g++ PIC flag -DDLL_EXPORT -DPIC works... yes
checking if x86_64-w64-mingw32-g++ static flag -static works... yes
checking if x86_64-w64-mingw32-g++ supports -c -o file.o... yes
checking if x86_64-w64-mingw32-g++ supports -c -o file.o... (cached) yes
checking whether the x86_64-w64-mingw32-g++ linker (C:/ab_suite_prod_2/master/msys64/mingw64/x86_64-w64-mingw32/bin/ld.exe) supports shared libraries... yes
checking dynamic linker characteristics... Win32 ld.exe
checking how to hardcode library paths into programs... immediate
checking for a BSD-compatible install... /usr/bin/install -c
checking whether make sets $(MAKE)... yes
checking for x86_64-w64-mingw32-windres... no
checking for windres... windres
checking for an ANSI C-conforming const... yes
checking for inline... inline
checking for working volatile... yes
checking for GCC -MMD -MT option... yes
checking for linker option --no-undefined... yes
checking for ANSI C header files... (cached) yes
checking for sys/types.h... (cached) yes
checking stdio.h usability... yes
checking stdio.h presence... yes
checking for stdio.h... yes
checking for stdlib.h... (cached) yes
checking stddef.h usability... yes
checking stddef.h presence... yes
checking for stddef.h... yes
checking stdarg.h usability... yes
checking stdarg.h presence... yes
checking for stdarg.h... yes
checking malloc.h usability... yes
checking malloc.h presence... yes
checking for malloc.h... yes
checking for memory.h... (cached) yes
checking for string.h... (cached) yes
checking for strings.h... (cached) yes
checking wchar.h usability... yes
checking wchar.h presence... yes
checking for wchar.h... yes
checking for inttypes.h... (cached) yes
checking for stdint.h... (cached) yes
checking limits.h usability... yes
checking limits.h presence... yes
checking for limits.h... yes
checking ctype.h usability... yes
checking ctype.h presence... yes
checking for ctype.h... yes
checking math.h usability... yes
checking math.h presence... yes
checking for math.h... yes
checking float.h usability... yes
checking float.h presence... yes
checking for float.h... yes
checking iconv.h usability... yes
checking iconv.h presence... yes
checking for iconv.h... yes
checking signal.h usability... yes
checking signal.h presence... yes
checking for signal.h... yes
checking for size_t... yes
checking for M_PI in math.h... yes
checking for working memcmp... yes
checking for working strtod... yes
checking for mprotect... yes
checking for malloc... yes
checking for calloc... yes
checking for realloc... yes
checking for free... yes
checking for getenv... yes
checking for setenv... no
checking for putenv... yes
checking for unsetenv... no
checking for qsort... yes
checking for abs... yes
checking for bcopy... no
checking for memset... yes
checking for memcpy... yes
checking for memmove... yes
checking for wcslen... yes
checking for wcscmp... yes
checking for strlen... yes
checking for strlcpy... no
checking for strlcat... no
checking for _strrev... yes
checking for _strupr... yes
checking for _strlwr... yes
checking for strchr... yes
checking for strrchr... yes
checking for strstr... yes
checking for itoa... yes
checking for _ltoa... yes
checking for _uitoa... no
checking for _ultoa... yes
checking for strtol... yes
checking for strtoul... yes
checking for _i64toa... yes
checking for _ui64toa... yes
checking for strtoll... yes
checking for strtoull... yes
checking for atoi... yes
checking for atof... yes
checking for strcmp... yes
checking for strncmp... yes
checking for _stricmp... yes
checking for strcasecmp... yes
checking for _strnicmp... yes
checking for strncasecmp... yes
checking for vsscanf... yes
checking for vsnprintf... yes
checking for fopen64... yes
checking for fseeko... yes
checking for fseeko64... yes
checking for sigaction... no
checking for setjmp... yes
checking for nanosleep... yes
checking for sysconf... no
checking for sysctlbyname... no
checking for getauxval... no
checking for poll... no
checking for pow in -lm... yes
checking for acos... yes
checking for acosf... yes
checking for asin... yes
checking for asinf... yes
checking for atan... yes
checking for atanf... yes
checking for atan2... yes
checking for atan2f... yes
checking for ceil... yes
checking for ceilf... yes
checking for copysign... yes
checking for copysignf... yes
checking for cos... yes
checking for cosf... yes
checking for fabs... yes
checking for fabsf... yes
checking for floor... yes
checking for floorf... yes
checking for fmod... yes
checking for fmodf... yes
checking for log... yes
checking for logf... yes
checking for log10... yes
checking for log10f... yes
checking for pow... yes
checking for powf... yes
checking for scalbn... yes
checking for scalbnf... yes
checking for sin... yes
checking for sinf... yes
checking for sqrt... yes
checking for sqrtf... yes
checking for tan... yes
checking for tanf... yes
checking for iconv_open in -liconv... no
checking for iconv... no
checking for struct sigaction.sa_sigaction... no
checking libunwind.h usability... no
checking libunwind.h presence... no
checking for libunwind.h... no
checking for GCC builtin atomic operations... yes
checking for GCC -mmmx option... yes
checking for GCC -m3dnow option... yes
checking for GCC -msse option... yes
checking for GCC -msse2 option... yes
checking for GCC -msse3 option... yes
checking immintrin.h usability... yes
checking immintrin.h presence... yes
checking for immintrin.h... yes
checking for Altivec with GCC altivec.h and -maltivec option... no
checking for Altivec with GCC -maltivec option... no
checking for Altivec with GCC altivec.h and -faltivec option... no
checking for Altivec with GCC -faltivec option... no
checking for GCC -Wall option... yes
checking for necessary GCC -Wno-multichar option... no
checking for GCC -Wdeclaration-after-statement option... yes
checking Windows compiler... yes
checking Windows CE... no
checking for GCC -mpreferred-stack-boundary option... no
checking for EGL support... yes
checking for OpenGL ES v2 headers... yes
checking d3d9.h usability... yes
checking d3d9.h presence... yes
checking for d3d9.h... yes
checking d3d11_1.h usability... yes
checking d3d11_1.h presence... yes
checking for d3d11_1.h... yes
checking ddraw.h usability... yes
checking ddraw.h presence... yes
checking for ddraw.h... yes
checking dsound.h usability... yes
checking dsound.h presence... yes
checking for dsound.h... yes
checking dinput.h usability... yes
checking dinput.h presence... yes
checking for dinput.h... yes
checking dxgi.h usability... yes
checking dxgi.h presence... yes
checking for dxgi.h... yes
checking xinput.h usability... yes
checking xinput.h presence... yes
checking for xinput.h... yes
checking mmdeviceapi.h usability... yes
checking mmdeviceapi.h presence... yes
checking for mmdeviceapi.h... yes
checking audioclient.h usability... yes
checking audioclient.h presence... yes
checking for audioclient.h... yes
checking for main in -lmingw32... yes
configure: creating ./config.status
config.status: creating Makefile
config.status: creating sdl2-config
config.status: creating sdl2-config.cmake
config.status: creating SDL2.spec
config.status: creating sdl2.pc
config.status: creating include/SDL_config.h
config.status: executing libtool commands
config.status: executing sdl2_config commands
config.status: executing summary commands
SDL2 Configure Summary:
Building Static Libraries
Enabled modules : atomic audio video render events joystick haptic power filesystem threads timers file loadso cpuinfo assembly
Assembly Math   : mmx 3dnow sse sse2 sse3
Audio drivers   : disk dummy directx
Video drivers   : dummy opengl opengl_es1 opengl_es2 vulkan directx
Input drivers   :
Using libsamplerate : NO
Using libudev       : NO
Using dbus          : NO
Using ime           : NO
Using ibus          : NO
Using fcitx         : NO
