CFLAGS: -mthreads -mtune=generic -O2 -pipe
LDFLAGS: -pipe -static-libgcc -static-libstdc++
make install
/bin/sh ../build-scripts/updaterev.sh
/bin/sh ../build-scripts/mkinstalldirs /local64/bin
/bin/sh ../build-scripts/mkinstalldirs /local64/share/aclocal
/usr/bin/install -c -m 755 sdl2-config /local64/bin/sdl2-config
/usr/bin/install -c -m 644 ../sdl2.m4 /local64/share/aclocal/sdl2.m4
/bin/sh ../build-scripts/mkinstalldirs /local64/lib/pkgconfig
/usr/bin/install -c -m 644 sdl2.pc /local64/lib/pkgconfig
/bin/sh ../build-scripts/mkinstalldirs /local64/lib/cmake/SDL2
mkdir -p -- /local64/lib/cmake/SDL2
/usr/bin/install -c -m 644 sdl2-config.cmake /local64/lib/cmake/SDL2
/bin/sh ../build-scripts/mkinstalldirs /local64/include/SDL2
/bin/sh ../build-scripts/mkinstalldirs /local64/lib
/bin/sh ./libtool --quiet --mode=install /usr/bin/install -c build/libSDL2.la /local64/lib/libSDL2.la
mkdir -p -- /local64/include/SDL2
for file in SDL.h SDL_assert.h SDL_atomic.h SDL_audio.h SDL_bits.h SDL_blendmode.h SDL_clipboard.h SDL_cpuinfo.h SDL_egl.h SDL_endian.h SDL_error.h SDL_events.h SDL_filesystem.h SDL_gamecontroller.h SDL_gesture.h SDL_haptic.h SDL_hints.h SDL_joystick.h SDL_keyboard.h SDL_keycode.h SDL_loadso.h SDL_log.h SDL_main.h SDL_messagebox.h SDL_mouse.h SDL_mutex.h SDL_name.h SDL_opengl.h SDL_opengl_glext.h SDL_opengles.h SDL_opengles2_gl2ext.h SDL_opengles2_gl2.h SDL_opengles2_gl2platform.h SDL_opengles2.h SDL_opengles2_khrplatform.h SDL_pixels.h SDL_platform.h SDL_power.h SDL_quit.h SDL_rect.h SDL_render.h SDL_rwops.h SDL_scancode.h SDL_shape.h SDL_stdinc.h SDL_surface.h SDL_system.h SDL_syswm.h SDL_thread.h SDL_timer.h SDL_touch.h SDL_types.h SDL_version.h SDL_video.h SDL_vulkan.h begin_code.h close_code.h SDL_test.h SDL_test_assert.h SDL_test_common.h SDL_test_compare.h SDL_test_crc32.h SDL_test_font.h SDL_test_fuzzer.h SDL_test_harness.h SDL_test_images.h SDL_test_log.h SDL_test_md5.h SDL_test_memory.h SDL_test_random.h; do \
    /usr/bin/install -c -m 644 ../include/$file /local64/include/SDL2/$file; \
done
/bin/sh ./libtool --quiet --mode=install /usr/bin/install -c build/libSDL2main.la /local64/lib/libSDL2main.la
/bin/sh ./libtool --quiet --mode=install /usr/bin/install -c build/libSDL2_test.la /local64/lib/libSDL2_test.la
/usr/bin/install -c -m 644 include/SDL_config.h /local64/include/SDL2/SDL_config.h
if test -f include/SDL_revision.h; then \
    /usr/bin/install -c -m 644 include/SDL_revision.h /local64/include/SDL2/SDL_revision.h; \
else \
    /usr/bin/install -c -m 644 ../include/SDL_revision.h /local64/include/SDL2/SDL_revision.h; \
fi
